#
# There is insufficient memory for the Java Runtime Environment to continue.
# Native memory allocation (malloc) failed to allocate 261696 bytes for Chunk::new
# Possible reasons:
#   The system is out of physical RAM or swap space
#   The process is running with CompressedOops enabled, and the Java Heap may be blocking the growth of the native heap
# Possible solutions:
#   Reduce memory load on the system
#   Increase physical memory or swap space
#   Check if swap backing store is full
#   Decrease Java heap size (-Xmx/-Xms)
#   Decrease number of Java threads
#   Decrease Java thread stack sizes (-Xss)
#   Set larger code cache with -XX:ReservedCodeCacheSize=
#   JVM is running with Unscaled Compressed Oops mode in which the Java heap is
#     placed in the first 4GB address space. The Java Heap base address is the
#     maximum limit for the native heap growth. Please use -XX:HeapBaseMinAddress
#     to set the Java Heap base and to place the Java Heap above 4GB virtual address.
# This output file may be truncated or incomplete.
#
#  Out of Memory Error (arena.cpp:197), pid=30640, tid=29636
#
# JRE version: OpenJDK Runtime Environment Corretto-11.0.24.8.1 (11.0.24+8) (build 11.0.24+8-LTS)
# Java VM: OpenJDK 64-Bit Server VM Corretto-11.0.24.8.1 (11.0.24+8-LTS, mixed mode, tiered, compressed oops, g1 gc, windows-amd64)
# No core dump will be written. Minidumps are not enabled by default on client versions of Windows
#

---------------  S U M M A R Y ------------

Command Line: -Dallure.results.directory=D:\Work_autotesting\Diplom\UI-test\build\allure-results -Djunit.jupiter.extensions.autodetection.enabled=true -Dorg.gradle.native=false -javaagent:C:\Users\Михаил\.gradle\caches\modules-2\files-2.1\org.aspectj\aspectjweaver\1.9.5\1740dc9140103b796d1722668805fd4cf852780c\aspectjweaver-1.9.5.jar -Xmx512m -Dfile.encoding=windows-1251 -Duser.country=RU -Duser.language=ru -Duser.variant -ea worker.org.gradle.process.internal.worker.GradleWorkerMain 'Gradle Test Executor 20'

Host: Intel(R) Core(TM) i5-9400F CPU @ 2.90GHz, 6 cores, 15G,  Windows 10 , 64 bit Build 19041 (10.0.19041.4717)
Time: Thu Jan 23 16:29:51 2025 RTZ 2 (s 10 , 64 bit Build 19041 (10.0.19041.4717) elapsed time: 48.197574 seconds (0d 0h 0m 48s)

---------------  T H R E A D  ---------------

Current thread (0x00000298d280a000):  JavaThread "C2 CompilerThread0" daemon [_thread_in_native, id=29636, stack(0x000000df85700000,0x000000df85800000)]


Current CompileTask:
C2:  48198 5107   !   4       java.util.zip.InflaterInputStream::read (138 bytes)

Stack: [0x000000df85700000,0x000000df85800000]
Native frames: (J=compiled Java code, j=interpreted, Vv=VM code, C=native code)
V  [jvm.dll+0x6461fa]
V  [jvm.dll+0x7da769]
V  [jvm.dll+0x7dbe69]
V  [jvm.dll+0x7dc553]
V  [jvm.dll+0x269b55]
V  [jvm.dll+0xc215c]
V  [jvm.dll+0xc270c]
V  [jvm.dll+0x2dbf12]
V  [jvm.dll+0x55111b]
V  [jvm.dll+0x22a611]
V  [jvm.dll+0x223fa9]
V  [jvm.dll+0x220b24]
V  [jvm.dll+0x19e9e1]
V  [jvm.dll+0x230ae9]
V  [jvm.dll+0x22ec5f]
V  [jvm.dll+0x79b991]
V  [jvm.dll+0x794664]
V  [jvm.dll+0x644fb5]
C  [ucrtbase.dll+0x21bb2]
C  [KERNEL32.DLL+0x17374]
C  [ntdll.dll+0x4cc91]


---------------  P R O C E S S  ---------------

Threads class SMR info:
_java_thread_list=0x00000298dc050ed0, length=35, elements={
0x00000298b63c8800, 0x00000298d27a4800, 0x00000298d27ad000, 0x00000298d2802000,
0x00000298d2803000, 0x00000298d2806000, 0x00000298d280a000, 0x00000298d280b800,
0x00000298d280e800, 0x00000298d299c800, 0x00000298dd110800, 0x00000298dc052000,
0x00000298dcae4800, 0x00000298def35000, 0x00000298df038000, 0x00000298dc127800,
0x00000298dc125000, 0x00000298dc12b800, 0x00000298dc125800, 0x00000298dc126800,
0x00000298dca05000, 0x00000298dca08000, 0x00000298dca0e800, 0x00000298dca0a800,
0x00000298dca0e000, 0x00000298dca0f800, 0x00000298dca04000, 0x00000298dca09000,
0x00000298dca09800, 0x00000298dca06800, 0x00000298dca07000, 0x00000298dca02800,
0x00000298dca03000, 0x00000298dca05800, 0x00000298dca0c000
}

Java Threads: ( => current thread )
  0x00000298b63c8800 JavaThread "main" [_thread_blocked, id=27972, stack(0x000000df84b00000,0x000000df84c00000)]
  0x00000298d27a4800 JavaThread "Reference Handler" daemon [_thread_blocked, id=29448, stack(0x000000df85200000,0x000000df85300000)]
  0x00000298d27ad000 JavaThread "Finalizer" daemon [_thread_blocked, id=18108, stack(0x000000df85300000,0x000000df85400000)]
  0x00000298d2802000 JavaThread "Signal Dispatcher" daemon [_thread_blocked, id=33532, stack(0x000000df85400000,0x000000df85500000)]
  0x00000298d2803000 JavaThread "Attach Listener" daemon [_thread_blocked, id=33656, stack(0x000000df85500000,0x000000df85600000)]
  0x00000298d2806000 JavaThread "Service Thread" daemon [_thread_blocked, id=27060, stack(0x000000df85600000,0x000000df85700000)]
=>0x00000298d280a000 JavaThread "C2 CompilerThread0" daemon [_thread_in_native, id=29636, stack(0x000000df85700000,0x000000df85800000)]
  0x00000298d280b800 JavaThread "C1 CompilerThread0" daemon [_thread_blocked, id=5724, stack(0x000000df85800000,0x000000df85900000)]
  0x00000298d280e800 JavaThread "Sweeper thread" daemon [_thread_blocked, id=19464, stack(0x000000df85900000,0x000000df85a00000)]
  0x00000298d299c800 JavaThread "Common-Cleaner" daemon [_thread_blocked, id=20692, stack(0x000000df85a00000,0x000000df85b00000)]
  0x00000298dd110800 JavaThread "Test worker" [_thread_blocked, id=33616, stack(0x000000df86300000,0x000000df86400000)]
  0x00000298dc052000 JavaThread "/127.0.0.1:52652 to /127.0.0.1:52646 workers Thread 2" [_thread_blocked, id=7912, stack(0x000000df86400000,0x000000df86500000)]
  0x00000298dcae4800 JavaThread "/127.0.0.1:52652 to /127.0.0.1:52646 workers Thread 3" [_thread_in_native, id=22536, stack(0x000000df86500000,0x000000df86600000)]
  0x00000298def35000 JavaThread "ForkJoinPool.commonPool-worker-3" daemon [_thread_blocked, id=31200, stack(0x000000df86700000,0x000000df86800000)]
  0x00000298df038000 JavaThread "AsyncHttpClient-1-1" daemon [_thread_blocked, id=6524, stack(0x000000df86800000,0x000000df86900000)]
  0x00000298dc127800 JavaThread "UrlChecker-2" daemon [_thread_blocked, id=23764, stack(0x000000df86e00000,0x000000df86f00000)]
  0x00000298dc125000 JavaThread "AsyncHttpClient-1-2" daemon [_thread_in_native, id=18780, stack(0x000000df87000000,0x000000df87100000)]
  0x00000298dc12b800 JavaThread "AsyncHttpClient-1-3" daemon [_thread_in_native, id=27952, stack(0x000000df87100000,0x000000df87200000)]
  0x00000298dc125800 JavaThread "AsyncHttpClient-1-4" daemon [_thread_in_native, id=29916, stack(0x000000df87200000,0x000000df87300000)]
  0x00000298dc126800 JavaThread "Dead threads watchdog" daemon [_thread_blocked, id=21840, stack(0x000000df87300000,0x000000df87400000)]
  0x00000298dca05000 JavaThread "AsyncHttpClient-1-5" daemon [_thread_in_native, id=22880, stack(0x000000df85b00000,0x000000df85c00000)]
  0x00000298dca08000 JavaThread "AsyncHttpClient-1-6" daemon [_thread_in_native, id=29904, stack(0x000000df87500000,0x000000df87600000)]
  0x00000298dca0e800 JavaThread "AsyncHttpClient-1-7" daemon [_thread_in_native, id=19772, stack(0x000000df87600000,0x000000df87700000)]
  0x00000298dca0a800 JavaThread "AsyncHttpClient-1-8" daemon [_thread_in_native, id=32856, stack(0x000000df87700000,0x000000df87800000)]
  0x00000298dca0e000 JavaThread "AsyncHttpClient-1-9" daemon [_thread_in_native, id=30924, stack(0x000000df87900000,0x000000df87a00000)]
  0x00000298dca0f800 JavaThread "Keep-Alive-Timer" daemon [_thread_blocked, id=33724, stack(0x000000df87b00000,0x000000df87c00000)]
  0x00000298dca04000 JavaThread "AsyncHttpClient-1-10" daemon [_thread_in_native, id=33444, stack(0x000000df87a00000,0x000000df87b00000)]
  0x00000298dca09000 JavaThread "AsyncHttpClient-1-11" daemon [_thread_in_native, id=26368, stack(0x000000df86900000,0x000000df86a00000)]
  0x00000298dca09800 JavaThread "AsyncHttpClient-1-12" daemon [_thread_in_native, id=31792, stack(0x000000df87c00000,0x000000df87d00000)]
  0x00000298dca06800 JavaThread "Exec Default Executor" daemon [_thread_in_native, id=33572, stack(0x000000df86a00000,0x000000df86b00000)]
  0x00000298dca07000 JavaThread "Exec Stream Pumper" daemon [_thread_in_native, id=14008, stack(0x000000df86b00000,0x000000df86c00000)]
  0x00000298dca02800 JavaThread "Exec Stream Pumper" daemon [_thread_in_native, id=29780, stack(0x000000df86c00000,0x000000df86d00000)]
  0x00000298dca03000 JavaThread "Driver Service Executor" daemon [_thread_blocked, id=22080, stack(0x000000df86d00000,0x000000df86e00000)]
  0x00000298dca05800 JavaThread "Driver Service Executor" daemon [_thread_blocked, id=18372, stack(0x000000df87800000,0x000000df87900000)]
  0x00000298dca0c000 JavaThread "AsyncHttpClient-1-13" daemon [_thread_in_native, id=27300, stack(0x000000df87d00000,0x000000df87e00000)]

Other Threads:
  0x00000298d27a0800 VMThread "VM Thread" [stack: 0x000000df85100000,0x000000df85200000] [id=33628]
  0x00000298d31d9000 WatcherThread [stack: 0x000000df85c00000,0x000000df85d00000] [id=19144]
  0x00000298b63e3000 GCTaskThread "GC Thread#0" [stack: 0x000000df84c00000,0x000000df84d00000] [id=33176]
  0x00000298d2dae800 GCTaskThread "GC Thread#1" [stack: 0x000000df85d00000,0x000000df85e00000] [id=27212]
  0x00000298dc092000 GCTaskThread "GC Thread#2" [stack: 0x000000df85e00000,0x000000df85f00000] [id=24612]
  0x00000298d3206000 GCTaskThread "GC Thread#3" [stack: 0x000000df85f00000,0x000000df86000000] [id=31112]
  0x00000298dbd5b000 GCTaskThread "GC Thread#4" [stack: 0x000000df86000000,0x000000df86100000] [id=15700]
  0x00000298dbd5c000 GCTaskThread "GC Thread#5" [stack: 0x000000df86100000,0x000000df86200000] [id=28856]
  0x00000298b63f4000 ConcurrentGCThread "G1 Main Marker" [stack: 0x000000df84d00000,0x000000df84e00000] [id=32804]
  0x00000298b63f6000 ConcurrentGCThread "G1 Conc#0" [stack: 0x000000df84e00000,0x000000df84f00000] [id=20856]
  0x00000298dbe6a000 ConcurrentGCThread "G1 Conc#1" [stack: 0x000000df86600000,0x000000df86700000] [id=28264]
  0x00000298b646d800 ConcurrentGCThread "G1 Refine#0" [stack: 0x000000df84f00000,0x000000df85000000] [id=32364]
  0x00000298d1de6800 ConcurrentGCThread "G1 Young RemSet Sampling" [stack: 0x000000df85000000,0x000000df85100000] [id=28568]

Threads with active compile tasks:
C2 CompilerThread0    48243 5107   !   4       java.util.zip.InflaterInputStream::read (138 bytes)

VM state:not at safepoint (normal execution)

VM Mutex/Monitor currently owned by a thread: None

Heap address: 0x00000000e0000000, size: 512 MB, Compressed Oops mode: 32-bit
Narrow klass base: 0x0000000000000000, Narrow klass shift: 3
Compressed class space size: 1073741824 Address: 0x0000000100000000

Heap:
 garbage-first heap   total 262144K, used 131087K [0x00000000e0000000, 0x0000000100000000)
  region size 1024K, 68 young (69632K), 10 survivors (10240K)
 Metaspace       used 42633K, capacity 43635K, committed 43984K, reserved 1087488K
  class space    used 4657K, capacity 5055K, committed 5152K, reserved 1048576K
Heap Regions: E=young(eden), S=young(survivor), O=old, HS=humongous(starts), HC=humongous(continues), CS=collection set, F=free, A=archive, TAMS=top-at-mark-start (previous, next)
|   0|0x00000000e0000000, 0x00000000e0100000, 0x00000000e0100000|100%| O|  |TAMS 0x00000000e0100000, 0x00000000e0000000| Untracked 
|   1|0x00000000e0100000, 0x00000000e0200000, 0x00000000e0200000|100%| O|  |TAMS 0x00000000e0200000, 0x00000000e0100000| Untracked 
|   2|0x00000000e0200000, 0x00000000e0300000, 0x00000000e0300000|100%| O|  |TAMS 0x00000000e0300000, 0x00000000e0200000| Untracked 
|   3|0x00000000e0300000, 0x00000000e0400000, 0x00000000e0400000|100%| O|  |TAMS 0x00000000e0400000, 0x00000000e0300000| Untracked 
|   4|0x00000000e0400000, 0x00000000e0500000, 0x00000000e0500000|100%| O|  |TAMS 0x00000000e0500000, 0x00000000e0400000| Untracked 
|   5|0x00000000e0500000, 0x00000000e0600000, 0x00000000e0600000|100%| O|  |TAMS 0x00000000e0600000, 0x00000000e0500000| Untracked 
|   6|0x00000000e0600000, 0x00000000e0700000, 0x00000000e0700000|100%| O|  |TAMS 0x00000000e0700000, 0x00000000e0600000| Untracked 
|   7|0x00000000e0700000, 0x00000000e0800000, 0x00000000e0800000|100%| O|  |TAMS 0x00000000e0800000, 0x00000000e0700000| Untracked 
|   8|0x00000000e0800000, 0x00000000e0900000, 0x00000000e0900000|100%| O|  |TAMS 0x00000000e0900000, 0x00000000e0800000| Untracked 
|   9|0x00000000e0900000, 0x00000000e0a00000, 0x00000000e0a00000|100%| O|  |TAMS 0x00000000e0a00000, 0x00000000e0900000| Untracked 
|  10|0x00000000e0a00000, 0x00000000e0b00000, 0x00000000e0b00000|100%| O|  |TAMS 0x00000000e0b00000, 0x00000000e0a00000| Untracked 
|  11|0x00000000e0b00000, 0x00000000e0c00000, 0x00000000e0c00000|100%| O|  |TAMS 0x00000000e0c00000, 0x00000000e0b00000| Untracked 
|  12|0x00000000e0c00000, 0x00000000e0d00000, 0x00000000e0d00000|100%| O|  |TAMS 0x00000000e0d00000, 0x00000000e0c00000| Untracked 
|  13|0x00000000e0d00000, 0x00000000e0e00000, 0x00000000e0e00000|100%| O|  |TAMS 0x00000000e0e00000, 0x00000000e0d00000| Untracked 
|  14|0x00000000e0e00000, 0x00000000e0f00000, 0x00000000e0f00000|100%| O|  |TAMS 0x00000000e0f00000, 0x00000000e0e00000| Untracked 
|  15|0x00000000e0f00000, 0x00000000e1000000, 0x00000000e1000000|100%| O|  |TAMS 0x00000000e1000000, 0x00000000e0f00000| Untracked 
|  16|0x00000000e1000000, 0x00000000e1100000, 0x00000000e1100000|100%| O|  |TAMS 0x00000000e1100000, 0x00000000e1000000| Untracked 
|  17|0x00000000e1100000, 0x00000000e1200000, 0x00000000e1200000|100%| O|  |TAMS 0x00000000e11cec00, 0x00000000e1100000| Untracked 
|  18|0x00000000e1200000, 0x00000000e1300000, 0x00000000e1300000|100%|HS|  |TAMS 0x00000000e1200000, 0x00000000e1200000| Complete 
|  19|0x00000000e1300000, 0x00000000e1400000, 0x00000000e1400000|100%|HC|  |TAMS 0x00000000e1300000, 0x00000000e1300000| Complete 
|  20|0x00000000e1400000, 0x00000000e1500000, 0x00000000e1500000|100%|HC|  |TAMS 0x00000000e1400000, 0x00000000e1400000| Complete 
|  21|0x00000000e1500000, 0x00000000e1600000, 0x00000000e1600000|100%|HC|  |TAMS 0x00000000e1500000, 0x00000000e1500000| Complete 
|  22|0x00000000e1600000, 0x00000000e1700000, 0x00000000e1700000|100%|HC|  |TAMS 0x00000000e1600000, 0x00000000e1600000| Complete 
|  23|0x00000000e1700000, 0x00000000e1800000, 0x00000000e1800000|100%| O|  |TAMS 0x00000000e1700000, 0x00000000e1700000| Untracked 
|  24|0x00000000e1800000, 0x00000000e1900000, 0x00000000e1900000|100%| O|  |TAMS 0x00000000e1800000, 0x00000000e1800000| Untracked 
|  25|0x00000000e1900000, 0x00000000e1a00000, 0x00000000e1a00000|100%| O|  |TAMS 0x00000000e1900000, 0x00000000e1900000| Untracked 
|  26|0x00000000e1a00000, 0x00000000e1b00000, 0x00000000e1b00000|100%| O|  |TAMS 0x00000000e1a00000, 0x00000000e1a00000| Untracked 
|  27|0x00000000e1b00000, 0x00000000e1c00000, 0x00000000e1c00000|100%| O|  |TAMS 0x00000000e1b00000, 0x00000000e1b00000| Untracked 
|  28|0x00000000e1c00000, 0x00000000e1d00000, 0x00000000e1d00000|100%| O|  |TAMS 0x00000000e1c00000, 0x00000000e1c00000| Untracked 
|  29|0x00000000e1d00000, 0x00000000e1e00000, 0x00000000e1e00000|100%| O|  |TAMS 0x00000000e1d00000, 0x00000000e1d00000| Untracked 
|  30|0x00000000e1e00000, 0x00000000e1f00000, 0x00000000e1f00000|100%| O|  |TAMS 0x00000000e1e00000, 0x00000000e1e00000| Untracked 
|  31|0x00000000e1f00000, 0x00000000e2000000, 0x00000000e2000000|100%| O|  |TAMS 0x00000000e1f00000, 0x00000000e1f00000| Untracked 
|  32|0x00000000e2000000, 0x00000000e2100000, 0x00000000e2100000|100%| O|  |TAMS 0x00000000e2000000, 0x00000000e2000000| Untracked 
|  33|0x00000000e2100000, 0x00000000e2200000, 0x00000000e2200000|100%| O|  |TAMS 0x00000000e2100000, 0x00000000e2100000| Untracked 
|  34|0x00000000e2200000, 0x00000000e2300000, 0x00000000e2300000|100%| O|  |TAMS 0x00000000e2200000, 0x00000000e2200000| Untracked 
|  35|0x00000000e2300000, 0x00000000e2400000, 0x00000000e2400000|100%| O|  |TAMS 0x00000000e2300000, 0x00000000e2300000| Untracked 
|  36|0x00000000e2400000, 0x00000000e2500000, 0x00000000e2500000|100%| O|  |TAMS 0x00000000e2400000, 0x00000000e2400000| Untracked 
|  37|0x00000000e2500000, 0x00000000e2600000, 0x00000000e2600000|100%| O|  |TAMS 0x00000000e2500000, 0x00000000e2500000| Untracked 
|  38|0x00000000e2600000, 0x00000000e2700000, 0x00000000e2700000|100%| O|  |TAMS 0x00000000e2600000, 0x00000000e2600000| Untracked 
|  39|0x00000000e2700000, 0x00000000e2800000, 0x00000000e2800000|100%| O|  |TAMS 0x00000000e2700000, 0x00000000e2700000| Untracked 
|  40|0x00000000e2800000, 0x00000000e2900000, 0x00000000e2900000|100%| O|  |TAMS 0x00000000e2800000, 0x00000000e2800000| Untracked 
|  41|0x00000000e2900000, 0x00000000e2a00000, 0x00000000e2a00000|100%| O|  |TAMS 0x00000000e2900000, 0x00000000e2900000| Untracked 
|  42|0x00000000e2a00000, 0x00000000e2a83e00, 0x00000000e2b00000| 51%| O|  |TAMS 0x00000000e2a00000, 0x00000000e2a00000| Untracked 
|  43|0x00000000e2b00000, 0x00000000e2c00000, 0x00000000e2c00000|100%|HS|  |TAMS 0x00000000e2b00000, 0x00000000e2b00000| Complete 
|  44|0x00000000e2c00000, 0x00000000e2d00000, 0x00000000e2d00000|100%|HC|  |TAMS 0x00000000e2c00000, 0x00000000e2c00000| Complete 
|  45|0x00000000e2d00000, 0x00000000e2e00000, 0x00000000e2e00000|100%|HC|  |TAMS 0x00000000e2d00000, 0x00000000e2d00000| Complete 
|  46|0x00000000e2e00000, 0x00000000e2f00000, 0x00000000e2f00000|100%|HC|  |TAMS 0x00000000e2e00000, 0x00000000e2e00000| Complete 
|  47|0x00000000e2f00000, 0x00000000e3000000, 0x00000000e3000000|100%|HC|  |TAMS 0x00000000e2f00000, 0x00000000e2f00000| Complete 
|  48|0x00000000e3000000, 0x00000000e3100000, 0x00000000e3100000|100%|HS|  |TAMS 0x00000000e3000000, 0x00000000e3000000| Complete 
|  49|0x00000000e3100000, 0x00000000e3200000, 0x00000000e3200000|100%|HC|  |TAMS 0x00000000e3100000, 0x00000000e3100000| Complete 
|  50|0x00000000e3200000, 0x00000000e3300000, 0x00000000e3300000|100%|HC|  |TAMS 0x00000000e3200000, 0x00000000e3200000| Complete 
|  51|0x00000000e3300000, 0x00000000e3400000, 0x00000000e3400000|100%|HC|  |TAMS 0x00000000e3300000, 0x00000000e3300000| Complete 
|  52|0x00000000e3400000, 0x00000000e3500000, 0x00000000e3500000|100%|HC|  |TAMS 0x00000000e3400000, 0x00000000e3400000| Complete 
|  53|0x00000000e3500000, 0x00000000e3600000, 0x00000000e3600000|100%|HS|  |TAMS 0x00000000e3500000, 0x00000000e3500000| Complete 
|  54|0x00000000e3600000, 0x00000000e3700000, 0x00000000e3700000|100%|HC|  |TAMS 0x00000000e3600000, 0x00000000e3600000| Complete 
|  55|0x00000000e3700000, 0x00000000e3800000, 0x00000000e3800000|100%|HC|  |TAMS 0x00000000e3700000, 0x00000000e3700000| Complete 
|  56|0x00000000e3800000, 0x00000000e3900000, 0x00000000e3900000|100%|HC|  |TAMS 0x00000000e3800000, 0x00000000e3800000| Complete 
|  57|0x00000000e3900000, 0x00000000e3a00000, 0x00000000e3a00000|100%|HC|  |TAMS 0x00000000e3900000, 0x00000000e3900000| Complete 
|  58|0x00000000e3a00000, 0x00000000e3b00000, 0x00000000e3b00000|100%|HS|  |TAMS 0x00000000e3a00000, 0x00000000e3a00000| Complete 
|  59|0x00000000e3b00000, 0x00000000e3c00000, 0x00000000e3c00000|100%|HC|  |TAMS 0x00000000e3b00000, 0x00000000e3b00000| Complete 
|  60|0x00000000e3c00000, 0x00000000e3d00000, 0x00000000e3d00000|100%|HC|  |TAMS 0x00000000e3c00000, 0x00000000e3c00000| Complete 
|  61|0x00000000e3d00000, 0x00000000e3e00000, 0x00000000e3e00000|100%|HC|  |TAMS 0x00000000e3d00000, 0x00000000e3d00000| Complete 
|  62|0x00000000e3e00000, 0x00000000e3f00000, 0x00000000e3f00000|100%|HC|  |TAMS 0x00000000e3e00000, 0x00000000e3e00000| Complete 
|  63|0x00000000e3f00000, 0x00000000e3f00000, 0x00000000e4000000|  0%| F|  |TAMS 0x00000000e3f00000, 0x00000000e3f00000| Untracked 
|  64|0x00000000e4000000, 0x00000000e4000000, 0x00000000e4100000|  0%| F|  |TAMS 0x00000000e4000000, 0x00000000e4000000| Untracked 
|  65|0x00000000e4100000, 0x00000000e4100000, 0x00000000e4200000|  0%| F|  |TAMS 0x00000000e4100000, 0x00000000e4100000| Untracked 
|  66|0x00000000e4200000, 0x00000000e4200000, 0x00000000e4300000|  0%| F|  |TAMS 0x00000000e4200000, 0x00000000e4200000| Untracked 
|  67|0x00000000e4300000, 0x00000000e4300000, 0x00000000e4400000|  0%| F|  |TAMS 0x00000000e4300000, 0x00000000e4300000| Untracked 
|  68|0x00000000e4400000, 0x00000000e4400000, 0x00000000e4500000|  0%| F|  |TAMS 0x00000000e4400000, 0x00000000e4400000| Untracked 
|  69|0x00000000e4500000, 0x00000000e4500000, 0x00000000e4600000|  0%| F|  |TAMS 0x00000000e4500000, 0x00000000e4500000| Untracked 
|  70|0x00000000e4600000, 0x00000000e4600000, 0x00000000e4700000|  0%| F|  |TAMS 0x00000000e4600000, 0x00000000e4600000| Untracked 
|  71|0x00000000e4700000, 0x00000000e4700000, 0x00000000e4800000|  0%| F|  |TAMS 0x00000000e4700000, 0x00000000e4700000| Untracked 
|  72|0x00000000e4800000, 0x00000000e4800000, 0x00000000e4900000|  0%| F|  |TAMS 0x00000000e4800000, 0x00000000e4800000| Untracked 
|  73|0x00000000e4900000, 0x00000000e4900000, 0x00000000e4a00000|  0%| F|  |TAMS 0x00000000e4900000, 0x00000000e4900000| Untracked 
|  74|0x00000000e4a00000, 0x00000000e4a00000, 0x00000000e4b00000|  0%| F|  |TAMS 0x00000000e4a00000, 0x00000000e4a00000| Untracked 
|  75|0x00000000e4b00000, 0x00000000e4b00000, 0x00000000e4c00000|  0%| F|  |TAMS 0x00000000e4b00000, 0x00000000e4b00000| Untracked 
|  76|0x00000000e4c00000, 0x00000000e4c00000, 0x00000000e4d00000|  0%| F|  |TAMS 0x00000000e4c00000, 0x00000000e4c00000| Untracked 
|  77|0x00000000e4d00000, 0x00000000e4d00000, 0x00000000e4e00000|  0%| F|  |TAMS 0x00000000e4d00000, 0x00000000e4d00000| Untracked 
|  78|0x00000000e4e00000, 0x00000000e4e00000, 0x00000000e4f00000|  0%| F|  |TAMS 0x00000000e4e00000, 0x00000000e4e00000| Untracked 
|  79|0x00000000e4f00000, 0x00000000e4f00000, 0x00000000e5000000|  0%| F|  |TAMS 0x00000000e4f00000, 0x00000000e4f00000| Untracked 
|  80|0x00000000e5000000, 0x00000000e5000000, 0x00000000e5100000|  0%| F|  |TAMS 0x00000000e5000000, 0x00000000e5000000| Untracked 
|  81|0x00000000e5100000, 0x00000000e5100000, 0x00000000e5200000|  0%| F|  |TAMS 0x00000000e5100000, 0x00000000e5100000| Untracked 
|  82|0x00000000e5200000, 0x00000000e5200000, 0x00000000e5300000|  0%| F|  |TAMS 0x00000000e5200000, 0x00000000e5200000| Untracked 
|  83|0x00000000e5300000, 0x00000000e5300000, 0x00000000e5400000|  0%| F|  |TAMS 0x00000000e5300000, 0x00000000e5300000| Untracked 
|  84|0x00000000e5400000, 0x00000000e5400000, 0x00000000e5500000|  0%| F|  |TAMS 0x00000000e5400000, 0x00000000e5400000| Untracked 
|  85|0x00000000e5500000, 0x00000000e5500000, 0x00000000e5600000|  0%| F|  |TAMS 0x00000000e5500000, 0x00000000e5500000| Untracked 
|  86|0x00000000e5600000, 0x00000000e5600000, 0x00000000e5700000|  0%| F|  |TAMS 0x00000000e5600000, 0x00000000e5600000| Untracked 
|  87|0x00000000e5700000, 0x00000000e5700000, 0x00000000e5800000|  0%| F|  |TAMS 0x00000000e5700000, 0x00000000e5700000| Untracked 
|  88|0x00000000e5800000, 0x00000000e5800000, 0x00000000e5900000|  0%| F|  |TAMS 0x00000000e5800000, 0x00000000e5800000| Untracked 
|  89|0x00000000e5900000, 0x00000000e5900000, 0x00000000e5a00000|  0%| F|  |TAMS 0x00000000e5900000, 0x00000000e5900000| Untracked 
|  90|0x00000000e5a00000, 0x00000000e5a00000, 0x00000000e5b00000|  0%| F|  |TAMS 0x00000000e5a00000, 0x00000000e5a00000| Untracked 
|  91|0x00000000e5b00000, 0x00000000e5b00000, 0x00000000e5c00000|  0%| F|  |TAMS 0x00000000e5b00000, 0x00000000e5b00000| Untracked 
|  92|0x00000000e5c00000, 0x00000000e5c00000, 0x00000000e5d00000|  0%| F|  |TAMS 0x00000000e5c00000, 0x00000000e5c00000| Untracked 
|  93|0x00000000e5d00000, 0x00000000e5d00000, 0x00000000e5e00000|  0%| F|  |TAMS 0x00000000e5d00000, 0x00000000e5d00000| Untracked 
|  94|0x00000000e5e00000, 0x00000000e5e00000, 0x00000000e5f00000|  0%| F|  |TAMS 0x00000000e5e00000, 0x00000000e5e00000| Untracked 
|  95|0x00000000e5f00000, 0x00000000e5f00000, 0x00000000e6000000|  0%| F|  |TAMS 0x00000000e5f00000, 0x00000000e5f00000| Untracked 
|  96|0x00000000e6000000, 0x00000000e6000000, 0x00000000e6100000|  0%| F|  |TAMS 0x00000000e6000000, 0x00000000e6000000| Untracked 
|  97|0x00000000e6100000, 0x00000000e6100000, 0x00000000e6200000|  0%| F|  |TAMS 0x00000000e6100000, 0x00000000e6100000| Untracked 
|  98|0x00000000e6200000, 0x00000000e6200000, 0x00000000e6300000|  0%| F|  |TAMS 0x00000000e6200000, 0x00000000e6200000| Untracked 
|  99|0x00000000e6300000, 0x00000000e6300000, 0x00000000e6400000|  0%| F|  |TAMS 0x00000000e6300000, 0x00000000e6300000| Untracked 
| 100|0x00000000e6400000, 0x00000000e6400000, 0x00000000e6500000|  0%| F|  |TAMS 0x00000000e6400000, 0x00000000e6400000| Untracked 
| 101|0x00000000e6500000, 0x00000000e6500000, 0x00000000e6600000|  0%| F|  |TAMS 0x00000000e6500000, 0x00000000e6500000| Untracked 
| 102|0x00000000e6600000, 0x00000000e6600000, 0x00000000e6700000|  0%| F|  |TAMS 0x00000000e6600000, 0x00000000e6600000| Untracked 
| 103|0x00000000e6700000, 0x00000000e6700000, 0x00000000e6800000|  0%| F|  |TAMS 0x00000000e6700000, 0x00000000e6700000| Untracked 
| 104|0x00000000e6800000, 0x00000000e6800000, 0x00000000e6900000|  0%| F|  |TAMS 0x00000000e6800000, 0x00000000e6800000| Untracked 
| 105|0x00000000e6900000, 0x00000000e6900000, 0x00000000e6a00000|  0%| F|  |TAMS 0x00000000e6900000, 0x00000000e6900000| Untracked 
| 106|0x00000000e6a00000, 0x00000000e6a00000, 0x00000000e6b00000|  0%| F|  |TAMS 0x00000000e6a00000, 0x00000000e6a00000| Untracked 
| 107|0x00000000e6b00000, 0x00000000e6b00000, 0x00000000e6c00000|  0%| F|  |TAMS 0x00000000e6b00000, 0x00000000e6b00000| Untracked 
| 108|0x00000000e6c00000, 0x00000000e6c00000, 0x00000000e6d00000|  0%| F|  |TAMS 0x00000000e6c00000, 0x00000000e6c00000| Untracked 
| 109|0x00000000e6d00000, 0x00000000e6d00000, 0x00000000e6e00000|  0%| F|  |TAMS 0x00000000e6d00000, 0x00000000e6d00000| Untracked 
| 110|0x00000000e6e00000, 0x00000000e6e00000, 0x00000000e6f00000|  0%| F|  |TAMS 0x00000000e6e00000, 0x00000000e6e00000| Untracked 
| 111|0x00000000e6f00000, 0x00000000e6f00000, 0x00000000e7000000|  0%| F|  |TAMS 0x00000000e6f00000, 0x00000000e6f00000| Untracked 
| 112|0x00000000e7000000, 0x00000000e7000000, 0x00000000e7100000|  0%| F|  |TAMS 0x00000000e7000000, 0x00000000e7000000| Untracked 
| 113|0x00000000e7100000, 0x00000000e7180000, 0x00000000e7200000| 50%| S|CS|TAMS 0x00000000e7100000, 0x00000000e7100000| Complete 
| 114|0x00000000e7200000, 0x00000000e7300000, 0x00000000e7300000|100%| S|CS|TAMS 0x00000000e7200000, 0x00000000e7200000| Complete 
| 115|0x00000000e7300000, 0x00000000e7400000, 0x00000000e7400000|100%| S|CS|TAMS 0x00000000e7300000, 0x00000000e7300000| Complete 
| 116|0x00000000e7400000, 0x00000000e7500000, 0x00000000e7500000|100%| S|CS|TAMS 0x00000000e7400000, 0x00000000e7400000| Complete 
| 117|0x00000000e7500000, 0x00000000e7600000, 0x00000000e7600000|100%| S|CS|TAMS 0x00000000e7500000, 0x00000000e7500000| Complete 
| 118|0x00000000e7600000, 0x00000000e7700000, 0x00000000e7700000|100%| S|CS|TAMS 0x00000000e7600000, 0x00000000e7600000| Complete 
| 119|0x00000000e7700000, 0x00000000e7800000, 0x00000000e7800000|100%| S|CS|TAMS 0x00000000e7700000, 0x00000000e7700000| Complete 
| 120|0x00000000e7800000, 0x00000000e7900000, 0x00000000e7900000|100%| S|CS|TAMS 0x00000000e7800000, 0x00000000e7800000| Complete 
| 121|0x00000000e7900000, 0x00000000e7a00000, 0x00000000e7a00000|100%| S|CS|TAMS 0x00000000e7900000, 0x00000000e7900000| Complete 
| 122|0x00000000e7a00000, 0x00000000e7b00000, 0x00000000e7b00000|100%| S|CS|TAMS 0x00000000e7a00000, 0x00000000e7a00000| Complete 
| 123|0x00000000e7b00000, 0x00000000e7b00000, 0x00000000e7c00000|  0%| F|  |TAMS 0x00000000e7b00000, 0x00000000e7b00000| Untracked 
| 124|0x00000000e7c00000, 0x00000000e7c00000, 0x00000000e7d00000|  0%| F|  |TAMS 0x00000000e7c00000, 0x00000000e7c00000| Untracked 
| 125|0x00000000e7d00000, 0x00000000e7d00000, 0x00000000e7e00000|  0%| F|  |TAMS 0x00000000e7d00000, 0x00000000e7d00000| Untracked 
| 126|0x00000000e7e00000, 0x00000000e7e00000, 0x00000000e7f00000|  0%| F|  |TAMS 0x00000000e7e00000, 0x00000000e7e00000| Untracked 
| 127|0x00000000e7f00000, 0x00000000e7f00000, 0x00000000e8000000|  0%| F|  |TAMS 0x00000000e7f00000, 0x00000000e7f00000| Untracked 
| 128|0x00000000e8000000, 0x00000000e8000000, 0x00000000e8100000|  0%| F|  |TAMS 0x00000000e8000000, 0x00000000e8000000| Untracked 
| 129|0x00000000e8100000, 0x00000000e8100000, 0x00000000e8200000|  0%| F|  |TAMS 0x00000000e8100000, 0x00000000e8100000| Untracked 
| 130|0x00000000e8200000, 0x00000000e8200000, 0x00000000e8300000|  0%| F|  |TAMS 0x00000000e8200000, 0x00000000e8200000| Untracked 
| 131|0x00000000e8300000, 0x00000000e8300000, 0x00000000e8400000|  0%| F|  |TAMS 0x00000000e8300000, 0x00000000e8300000| Untracked 
| 132|0x00000000e8400000, 0x00000000e8400000, 0x00000000e8500000|  0%| F|  |TAMS 0x00000000e8400000, 0x00000000e8400000| Untracked 
| 133|0x00000000e8500000, 0x00000000e8500000, 0x00000000e8600000|  0%| F|  |TAMS 0x00000000e8500000, 0x00000000e8500000| Untracked 
| 134|0x00000000e8600000, 0x00000000e8600000, 0x00000000e8700000|  0%| F|  |TAMS 0x00000000e8600000, 0x00000000e8600000| Untracked 
| 135|0x00000000e8700000, 0x00000000e8700000, 0x00000000e8800000|  0%| F|  |TAMS 0x00000000e8700000, 0x00000000e8700000| Untracked 
| 136|0x00000000e8800000, 0x00000000e8800000, 0x00000000e8900000|  0%| F|  |TAMS 0x00000000e8800000, 0x00000000e8800000| Untracked 
| 137|0x00000000e8900000, 0x00000000e8900000, 0x00000000e8a00000|  0%| F|  |TAMS 0x00000000e8900000, 0x00000000e8900000| Untracked 
| 138|0x00000000e8a00000, 0x00000000e8a00000, 0x00000000e8b00000|  0%| F|  |TAMS 0x00000000e8a00000, 0x00000000e8a00000| Untracked 
| 139|0x00000000e8b00000, 0x00000000e8b00000, 0x00000000e8c00000|  0%| F|  |TAMS 0x00000000e8b00000, 0x00000000e8b00000| Untracked 
| 140|0x00000000e8c00000, 0x00000000e8c00000, 0x00000000e8d00000|  0%| F|  |TAMS 0x00000000e8c00000, 0x00000000e8c00000| Untracked 
| 141|0x00000000e8d00000, 0x00000000e8d00000, 0x00000000e8e00000|  0%| F|  |TAMS 0x00000000e8d00000, 0x00000000e8d00000| Untracked 
| 142|0x00000000e8e00000, 0x00000000e8e00000, 0x00000000e8f00000|  0%| F|  |TAMS 0x00000000e8e00000, 0x00000000e8e00000| Untracked 
| 143|0x00000000e8f00000, 0x00000000e8f00000, 0x00000000e9000000|  0%| F|  |TAMS 0x00000000e8f00000, 0x00000000e8f00000| Untracked 
| 144|0x00000000e9000000, 0x00000000e9000000, 0x00000000e9100000|  0%| F|  |TAMS 0x00000000e9000000, 0x00000000e9000000| Untracked 
| 145|0x00000000e9100000, 0x00000000e9100000, 0x00000000e9200000|  0%| F|  |TAMS 0x00000000e9100000, 0x00000000e9100000| Untracked 
| 146|0x00000000e9200000, 0x00000000e9200000, 0x00000000e9300000|  0%| F|  |TAMS 0x00000000e9200000, 0x00000000e9200000| Untracked 
| 147|0x00000000e9300000, 0x00000000e9300000, 0x00000000e9400000|  0%| F|  |TAMS 0x00000000e9300000, 0x00000000e9300000| Untracked 
| 148|0x00000000e9400000, 0x00000000e9400000, 0x00000000e9500000|  0%| F|  |TAMS 0x00000000e9400000, 0x00000000e9400000| Untracked 
| 149|0x00000000e9500000, 0x00000000e9500000, 0x00000000e9600000|  0%| F|  |TAMS 0x00000000e9500000, 0x00000000e9500000| Untracked 
| 150|0x00000000e9600000, 0x00000000e9600000, 0x00000000e9700000|  0%| F|  |TAMS 0x00000000e9600000, 0x00000000e9600000| Untracked 
| 151|0x00000000e9700000, 0x00000000e9700000, 0x00000000e9800000|  0%| F|  |TAMS 0x00000000e9700000, 0x00000000e9700000| Untracked 
| 152|0x00000000e9800000, 0x00000000e9800000, 0x00000000e9900000|  0%| F|  |TAMS 0x00000000e9800000, 0x00000000e9800000| Untracked 
| 153|0x00000000e9900000, 0x00000000e9900000, 0x00000000e9a00000|  0%| F|  |TAMS 0x00000000e9900000, 0x00000000e9900000| Untracked 
| 154|0x00000000e9a00000, 0x00000000e9a00000, 0x00000000e9b00000|  0%| F|  |TAMS 0x00000000e9a00000, 0x00000000e9a00000| Untracked 
| 155|0x00000000e9b00000, 0x00000000e9b00000, 0x00000000e9c00000|  0%| F|  |TAMS 0x00000000e9b00000, 0x00000000e9b00000| Untracked 
| 156|0x00000000e9c00000, 0x00000000e9c00000, 0x00000000e9d00000|  0%| F|  |TAMS 0x00000000e9c00000, 0x00000000e9c00000| Untracked 
| 157|0x00000000e9d00000, 0x00000000e9d00000, 0x00000000e9e00000|  0%| F|  |TAMS 0x00000000e9d00000, 0x00000000e9d00000| Untracked 
| 158|0x00000000e9e00000, 0x00000000e9e00000, 0x00000000e9f00000|  0%| F|  |TAMS 0x00000000e9e00000, 0x00000000e9e00000| Untracked 
| 159|0x00000000e9f00000, 0x00000000e9f00000, 0x00000000ea000000|  0%| F|  |TAMS 0x00000000e9f00000, 0x00000000e9f00000| Untracked 
| 160|0x00000000ea000000, 0x00000000ea000000, 0x00000000ea100000|  0%| F|  |TAMS 0x00000000ea000000, 0x00000000ea000000| Untracked 
| 161|0x00000000ea100000, 0x00000000ea100000, 0x00000000ea200000|  0%| F|  |TAMS 0x00000000ea100000, 0x00000000ea100000| Untracked 
| 162|0x00000000ea200000, 0x00000000ea200000, 0x00000000ea300000|  0%| F|  |TAMS 0x00000000ea200000, 0x00000000ea200000| Untracked 
| 163|0x00000000ea300000, 0x00000000ea300000, 0x00000000ea400000|  0%| F|  |TAMS 0x00000000ea300000, 0x00000000ea300000| Untracked 
| 164|0x00000000ea400000, 0x00000000ea400000, 0x00000000ea500000|  0%| F|  |TAMS 0x00000000ea400000, 0x00000000ea400000| Untracked 
| 165|0x00000000ea500000, 0x00000000ea500000, 0x00000000ea600000|  0%| F|  |TAMS 0x00000000ea500000, 0x00000000ea500000| Untracked 
| 166|0x00000000ea600000, 0x00000000ea600000, 0x00000000ea700000|  0%| F|  |TAMS 0x00000000ea600000, 0x00000000ea600000| Untracked 
| 167|0x00000000ea700000, 0x00000000ea700000, 0x00000000ea800000|  0%| F|  |TAMS 0x00000000ea700000, 0x00000000ea700000| Untracked 
| 168|0x00000000ea800000, 0x00000000ea800000, 0x00000000ea900000|  0%| F|  |TAMS 0x00000000ea800000, 0x00000000ea800000| Untracked 
| 169|0x00000000ea900000, 0x00000000ea900000, 0x00000000eaa00000|  0%| F|  |TAMS 0x00000000ea900000, 0x00000000ea900000| Untracked 
| 170|0x00000000eaa00000, 0x00000000eaa00000, 0x00000000eab00000|  0%| F|  |TAMS 0x00000000eaa00000, 0x00000000eaa00000| Untracked 
| 171|0x00000000eab00000, 0x00000000eab00000, 0x00000000eac00000|  0%| F|  |TAMS 0x00000000eab00000, 0x00000000eab00000| Untracked 
| 172|0x00000000eac00000, 0x00000000eac00000, 0x00000000ead00000|  0%| F|  |TAMS 0x00000000eac00000, 0x00000000eac00000| Untracked 
| 173|0x00000000ead00000, 0x00000000ead00000, 0x00000000eae00000|  0%| F|  |TAMS 0x00000000ead00000, 0x00000000ead00000| Untracked 
| 174|0x00000000eae00000, 0x00000000eae00000, 0x00000000eaf00000|  0%| F|  |TAMS 0x00000000eae00000, 0x00000000eae00000| Untracked 
| 175|0x00000000eaf00000, 0x00000000eaf00000, 0x00000000eb000000|  0%| F|  |TAMS 0x00000000eaf00000, 0x00000000eaf00000| Untracked 
| 176|0x00000000eb000000, 0x00000000eb000000, 0x00000000eb100000|  0%| F|  |TAMS 0x00000000eb000000, 0x00000000eb000000| Untracked 
| 177|0x00000000eb100000, 0x00000000eb100000, 0x00000000eb200000|  0%| F|  |TAMS 0x00000000eb100000, 0x00000000eb100000| Untracked 
| 178|0x00000000eb200000, 0x00000000eb200000, 0x00000000eb300000|  0%| F|  |TAMS 0x00000000eb200000, 0x00000000eb200000| Untracked 
| 179|0x00000000eb300000, 0x00000000eb300000, 0x00000000eb400000|  0%| F|  |TAMS 0x00000000eb300000, 0x00000000eb300000| Untracked 
| 180|0x00000000eb400000, 0x00000000eb400000, 0x00000000eb500000|  0%| F|  |TAMS 0x00000000eb400000, 0x00000000eb400000| Untracked 
| 181|0x00000000eb500000, 0x00000000eb500000, 0x00000000eb600000|  0%| F|  |TAMS 0x00000000eb500000, 0x00000000eb500000| Untracked 
| 182|0x00000000eb600000, 0x00000000eb600000, 0x00000000eb700000|  0%| F|  |TAMS 0x00000000eb600000, 0x00000000eb600000| Untracked 
| 183|0x00000000eb700000, 0x00000000eb700000, 0x00000000eb800000|  0%| F|  |TAMS 0x00000000eb700000, 0x00000000eb700000| Untracked 
| 184|0x00000000eb800000, 0x00000000eb800000, 0x00000000eb900000|  0%| F|  |TAMS 0x00000000eb800000, 0x00000000eb800000| Untracked 
| 185|0x00000000eb900000, 0x00000000eb900000, 0x00000000eba00000|  0%| F|  |TAMS 0x00000000eb900000, 0x00000000eb900000| Untracked 
| 186|0x00000000eba00000, 0x00000000eba00000, 0x00000000ebb00000|  0%| F|  |TAMS 0x00000000eba00000, 0x00000000eba00000| Untracked 
| 187|0x00000000ebb00000, 0x00000000ebb00000, 0x00000000ebc00000|  0%| F|  |TAMS 0x00000000ebb00000, 0x00000000ebb00000| Untracked 
| 188|0x00000000ebc00000, 0x00000000ebc00000, 0x00000000ebd00000|  0%| F|  |TAMS 0x00000000ebc00000, 0x00000000ebc00000| Untracked 
| 189|0x00000000ebd00000, 0x00000000ebd00000, 0x00000000ebe00000|  0%| F|  |TAMS 0x00000000ebd00000, 0x00000000ebd00000| Untracked 
| 190|0x00000000ebe00000, 0x00000000ebe00000, 0x00000000ebf00000|  0%| F|  |TAMS 0x00000000ebe00000, 0x00000000ebe00000| Untracked 
| 191|0x00000000ebf00000, 0x00000000ebf00000, 0x00000000ec000000|  0%| F|  |TAMS 0x00000000ebf00000, 0x00000000ebf00000| Untracked 
| 192|0x00000000ec000000, 0x00000000ec000000, 0x00000000ec100000|  0%| F|  |TAMS 0x00000000ec000000, 0x00000000ec000000| Untracked 
| 193|0x00000000ec100000, 0x00000000ec100000, 0x00000000ec200000|  0%| F|  |TAMS 0x00000000ec100000, 0x00000000ec100000| Untracked 
| 194|0x00000000ec200000, 0x00000000ec200000, 0x00000000ec300000|  0%| F|  |TAMS 0x00000000ec200000, 0x00000000ec200000| Untracked 
| 195|0x00000000ec300000, 0x00000000ec300000, 0x00000000ec400000|  0%| F|  |TAMS 0x00000000ec300000, 0x00000000ec300000| Untracked 
| 196|0x00000000ec400000, 0x00000000ec400000, 0x00000000ec500000|  0%| F|  |TAMS 0x00000000ec400000, 0x00000000ec400000| Untracked 
| 197|0x00000000ec500000, 0x00000000ec500000, 0x00000000ec600000|  0%| F|  |TAMS 0x00000000ec500000, 0x00000000ec500000| Untracked 
| 198|0x00000000ec600000, 0x00000000ec700000, 0x00000000ec700000|100%| E|  |TAMS 0x00000000ec600000, 0x00000000ec600000| Complete 
| 199|0x00000000ec700000, 0x00000000ec800000, 0x00000000ec800000|100%| E|CS|TAMS 0x00000000ec700000, 0x00000000ec700000| Complete 
| 200|0x00000000ec800000, 0x00000000ec900000, 0x00000000ec900000|100%| E|CS|TAMS 0x00000000ec800000, 0x00000000ec800000| Complete 
| 201|0x00000000ec900000, 0x00000000eca00000, 0x00000000eca00000|100%| E|CS|TAMS 0x00000000ec900000, 0x00000000ec900000| Complete 
| 202|0x00000000eca00000, 0x00000000ecb00000, 0x00000000ecb00000|100%| E|CS|TAMS 0x00000000eca00000, 0x00000000eca00000| Complete 
| 203|0x00000000ecb00000, 0x00000000ecc00000, 0x00000000ecc00000|100%| E|CS|TAMS 0x00000000ecb00000, 0x00000000ecb00000| Complete 
| 204|0x00000000ecc00000, 0x00000000ecd00000, 0x00000000ecd00000|100%| E|CS|TAMS 0x00000000ecc00000, 0x00000000ecc00000| Complete 
| 205|0x00000000ecd00000, 0x00000000ece00000, 0x00000000ece00000|100%| E|CS|TAMS 0x00000000ecd00000, 0x00000000ecd00000| Complete 
| 206|0x00000000ece00000, 0x00000000ecf00000, 0x00000000ecf00000|100%| E|CS|TAMS 0x00000000ece00000, 0x00000000ece00000| Complete 
| 207|0x00000000ecf00000, 0x00000000ed000000, 0x00000000ed000000|100%| E|CS|TAMS 0x00000000ecf00000, 0x00000000ecf00000| Complete 
| 208|0x00000000ed000000, 0x00000000ed100000, 0x00000000ed100000|100%| E|  |TAMS 0x00000000ed000000, 0x00000000ed000000| Complete 
| 209|0x00000000ed100000, 0x00000000ed200000, 0x00000000ed200000|100%| E|CS|TAMS 0x00000000ed100000, 0x00000000ed100000| Complete 
| 210|0x00000000ed200000, 0x00000000ed300000, 0x00000000ed300000|100%| E|CS|TAMS 0x00000000ed200000, 0x00000000ed200000| Complete 
| 211|0x00000000ed300000, 0x00000000ed400000, 0x00000000ed400000|100%| E|CS|TAMS 0x00000000ed300000, 0x00000000ed300000| Complete 
| 212|0x00000000ed400000, 0x00000000ed500000, 0x00000000ed500000|100%| E|CS|TAMS 0x00000000ed400000, 0x00000000ed400000| Complete 
| 213|0x00000000ed500000, 0x00000000ed600000, 0x00000000ed600000|100%| E|CS|TAMS 0x00000000ed500000, 0x00000000ed500000| Complete 
| 214|0x00000000ed600000, 0x00000000ed700000, 0x00000000ed700000|100%| E|CS|TAMS 0x00000000ed600000, 0x00000000ed600000| Complete 
| 215|0x00000000ed700000, 0x00000000ed800000, 0x00000000ed800000|100%| E|CS|TAMS 0x00000000ed700000, 0x00000000ed700000| Complete 
| 216|0x00000000ed800000, 0x00000000ed900000, 0x00000000ed900000|100%| E|CS|TAMS 0x00000000ed800000, 0x00000000ed800000| Complete 
| 217|0x00000000ed900000, 0x00000000eda00000, 0x00000000eda00000|100%| E|CS|TAMS 0x00000000ed900000, 0x00000000ed900000| Complete 
| 218|0x00000000eda00000, 0x00000000edb00000, 0x00000000edb00000|100%| E|CS|TAMS 0x00000000eda00000, 0x00000000eda00000| Complete 
| 219|0x00000000edb00000, 0x00000000edc00000, 0x00000000edc00000|100%| E|CS|TAMS 0x00000000edb00000, 0x00000000edb00000| Complete 
| 220|0x00000000edc00000, 0x00000000edd00000, 0x00000000edd00000|100%| E|CS|TAMS 0x00000000edc00000, 0x00000000edc00000| Complete 
| 221|0x00000000edd00000, 0x00000000ede00000, 0x00000000ede00000|100%| E|CS|TAMS 0x00000000edd00000, 0x00000000edd00000| Complete 
| 222|0x00000000ede00000, 0x00000000edf00000, 0x00000000edf00000|100%| E|CS|TAMS 0x00000000ede00000, 0x00000000ede00000| Complete 
| 223|0x00000000edf00000, 0x00000000ee000000, 0x00000000ee000000|100%| E|CS|TAMS 0x00000000edf00000, 0x00000000edf00000| Complete 
| 224|0x00000000ee000000, 0x00000000ee100000, 0x00000000ee100000|100%| E|CS|TAMS 0x00000000ee000000, 0x00000000ee000000| Complete 
| 225|0x00000000ee100000, 0x00000000ee200000, 0x00000000ee200000|100%| E|CS|TAMS 0x00000000ee100000, 0x00000000ee100000| Complete 
| 226|0x00000000ee200000, 0x00000000ee300000, 0x00000000ee300000|100%| E|CS|TAMS 0x00000000ee200000, 0x00000000ee200000| Complete 
| 227|0x00000000ee300000, 0x00000000ee400000, 0x00000000ee400000|100%| E|CS|TAMS 0x00000000ee300000, 0x00000000ee300000| Complete 
| 228|0x00000000ee400000, 0x00000000ee500000, 0x00000000ee500000|100%| E|CS|TAMS 0x00000000ee400000, 0x00000000ee400000| Complete 
| 229|0x00000000ee500000, 0x00000000ee600000, 0x00000000ee600000|100%| E|CS|TAMS 0x00000000ee500000, 0x00000000ee500000| Complete 
| 230|0x00000000ee600000, 0x00000000ee700000, 0x00000000ee700000|100%| E|CS|TAMS 0x00000000ee600000, 0x00000000ee600000| Complete 
| 231|0x00000000ee700000, 0x00000000ee800000, 0x00000000ee800000|100%| E|CS|TAMS 0x00000000ee700000, 0x00000000ee700000| Complete 
| 232|0x00000000ee800000, 0x00000000ee900000, 0x00000000ee900000|100%| E|CS|TAMS 0x00000000ee800000, 0x00000000ee800000| Complete 
| 233|0x00000000ee900000, 0x00000000eea00000, 0x00000000eea00000|100%| E|CS|TAMS 0x00000000ee900000, 0x00000000ee900000| Complete 
| 234|0x00000000eea00000, 0x00000000eeb00000, 0x00000000eeb00000|100%| E|CS|TAMS 0x00000000eea00000, 0x00000000eea00000| Complete 
| 235|0x00000000eeb00000, 0x00000000eec00000, 0x00000000eec00000|100%| E|CS|TAMS 0x00000000eeb00000, 0x00000000eeb00000| Complete 
| 236|0x00000000eec00000, 0x00000000eed00000, 0x00000000eed00000|100%| E|CS|TAMS 0x00000000eec00000, 0x00000000eec00000| Complete 
| 237|0x00000000eed00000, 0x00000000eee00000, 0x00000000eee00000|100%| E|CS|TAMS 0x00000000eed00000, 0x00000000eed00000| Complete 
| 238|0x00000000eee00000, 0x00000000eef00000, 0x00000000eef00000|100%| E|CS|TAMS 0x00000000eee00000, 0x00000000eee00000| Complete 
| 239|0x00000000eef00000, 0x00000000ef000000, 0x00000000ef000000|100%| E|CS|TAMS 0x00000000eef00000, 0x00000000eef00000| Complete 
| 240|0x00000000ef000000, 0x00000000ef100000, 0x00000000ef100000|100%| E|CS|TAMS 0x00000000ef000000, 0x00000000ef000000| Complete 
| 241|0x00000000ef100000, 0x00000000ef200000, 0x00000000ef200000|100%| E|CS|TAMS 0x00000000ef100000, 0x00000000ef100000| Complete 
| 242|0x00000000ef200000, 0x00000000ef300000, 0x00000000ef300000|100%| E|CS|TAMS 0x00000000ef200000, 0x00000000ef200000| Complete 
| 243|0x00000000ef300000, 0x00000000ef400000, 0x00000000ef400000|100%| E|CS|TAMS 0x00000000ef300000, 0x00000000ef300000| Complete 
| 244|0x00000000ef400000, 0x00000000ef500000, 0x00000000ef500000|100%| E|CS|TAMS 0x00000000ef400000, 0x00000000ef400000| Complete 
| 245|0x00000000ef500000, 0x00000000ef600000, 0x00000000ef600000|100%| E|CS|TAMS 0x00000000ef500000, 0x00000000ef500000| Complete 
| 246|0x00000000ef600000, 0x00000000ef700000, 0x00000000ef700000|100%| E|CS|TAMS 0x00000000ef600000, 0x00000000ef600000| Complete 
| 247|0x00000000ef700000, 0x00000000ef800000, 0x00000000ef800000|100%| E|CS|TAMS 0x00000000ef700000, 0x00000000ef700000| Complete 
| 248|0x00000000ef800000, 0x00000000ef900000, 0x00000000ef900000|100%| E|CS|TAMS 0x00000000ef800000, 0x00000000ef800000| Complete 
| 249|0x00000000ef900000, 0x00000000efa00000, 0x00000000efa00000|100%| E|CS|TAMS 0x00000000ef900000, 0x00000000ef900000| Complete 
| 250|0x00000000efa00000, 0x00000000efb00000, 0x00000000efb00000|100%| E|CS|TAMS 0x00000000efa00000, 0x00000000efa00000| Complete 
| 251|0x00000000efb00000, 0x00000000efc00000, 0x00000000efc00000|100%| E|CS|TAMS 0x00000000efb00000, 0x00000000efb00000| Complete 
| 252|0x00000000efc00000, 0x00000000efd00000, 0x00000000efd00000|100%| E|CS|TAMS 0x00000000efc00000, 0x00000000efc00000| Complete 
| 253|0x00000000efd00000, 0x00000000efe00000, 0x00000000efe00000|100%| E|CS|TAMS 0x00000000efd00000, 0x00000000efd00000| Complete 
| 254|0x00000000efe00000, 0x00000000eff00000, 0x00000000eff00000|100%| E|CS|TAMS 0x00000000efe00000, 0x00000000efe00000| Complete 
| 255|0x00000000eff00000, 0x00000000f0000000, 0x00000000f0000000|100%| E|CS|TAMS 0x00000000eff00000, 0x00000000eff00000| Complete 

Card table byte_map: [0x00000298ce4d0000,0x00000298ce5d0000] _byte_map_base: 0x00000298cddd0000

Marking Bits (Prev, Next): (CMBitMap*) 0x00000298b63f1178, (CMBitMap*) 0x00000298b63f11b0
 Prev Bits: [0x00000298ce6d0000, 0x00000298ceed0000)
 Next Bits: [0x00000298ceed0000, 0x00000298cf6d0000)

Polling page: 0x00000298b6470000

Metaspace:

Usage:
  Non-class:     37.68 MB capacity,    37.09 MB ( 98%) used,   492.05 KB (  1%) free+waste,   112.31 KB ( <1%) overhead. 
      Class:      4.94 MB capacity,     4.55 MB ( 92%) used,   346.30 KB (  7%) free+waste,    50.75 KB (  1%) overhead. 
       Both:     42.61 MB capacity,    41.63 MB ( 98%) used,   838.36 KB (  2%) free+waste,   163.06 KB ( <1%) overhead. 

Virtual space:
  Non-class space:       38.00 MB reserved,      37.92 MB (>99%) committed 
      Class space:        1.00 GB reserved,       5.03 MB ( <1%) committed 
             Both:        1.04 GB reserved,      42.95 MB (  4%) committed 

Chunk freelists:
   Non-Class:  60.00 KB
       Class:  1.00 KB
        Both:  61.00 KB

MaxMetaspaceSize: 17179869184.00 GB
CompressedClassSpaceSize: 1.00 GB
Initial GC threshold: 20.80 MB
Current GC threshold: 58.67 MB
CDS: off

CodeHeap 'non-profiled nmethods': size=120064Kb used=3244Kb max_used=3244Kb free=116819Kb
 bounds [0x00000298c6650000, 0x00000298c6980000, 0x00000298cdb90000]
CodeHeap 'profiled nmethods': size=120000Kb used=10911Kb max_used=10911Kb free=109089Kb
 bounds [0x00000298bf120000, 0x00000298bfbd0000, 0x00000298c6650000]
CodeHeap 'non-nmethods': size=5696Kb used=1286Kb max_used=1340Kb free=4409Kb
 bounds [0x00000298beb90000, 0x00000298bee00000, 0x00000298bf120000]
 total_blobs=5629 nmethods=5053 adapters=488
 compilation: enabled
              stopped_count=0, restarted_count=0
 full_count=0

Compilation events (20 events):
Event: 48.136 Thread 0x00000298d280b800 5125       3       io.netty.buffer.PooledByteBuf::internalNioBuffer (14 bytes)
Event: 48.136 Thread 0x00000298d280b800 nmethod 5125 0x00000298bfbbf810 code [0x00000298bfbbfa20, 0x00000298bfbbff58]
Event: 48.136 Thread 0x00000298d280b800 5126       3       io.netty.buffer.PooledByteBuf::_internalNioBuffer (43 bytes)
Event: 48.137 Thread 0x00000298d280b800 nmethod 5126 0x00000298bfbc0190 code [0x00000298bfbc03a0, 0x00000298bfbc0a48]
Event: 48.137 Thread 0x00000298d280b800 5127       1       io.netty.util.concurrent.SingleThreadEventExecutor::wakesUpForTask (2 bytes)
Event: 48.137 Thread 0x00000298d280b800 nmethod 5127 0x00000298c6979310 code [0x00000298c69794c0, 0x00000298c6979578]
Event: 48.147 Thread 0x00000298d280a000 nmethod 5092% 0x00000298c6979610 code [0x00000298c69797e0, 0x00000298c697ab38]
Event: 48.147 Thread 0x00000298d280a000 5107   !   4       java.util.zip.InflaterInputStream::read (138 bytes)
Event: 48.170 Thread 0x00000298d280b800 5128       3       io.netty.handler.codec.HeadersUtils$StringIterator::hasNext (10 bytes)
Event: 48.170 Thread 0x00000298d280b800 nmethod 5128 0x00000298bfbc0c90 code [0x00000298bfbc0e40, 0x00000298bfbc1008]
Event: 48.170 Thread 0x00000298d280b800 5129       3       com.google.common.net.MediaType$Tokenizer::previewChar (19 bytes)
Event: 48.170 Thread 0x00000298d280b800 nmethod 5129 0x00000298bfbc1110 code [0x00000298bfbc1360, 0x00000298bfbc1ca8]
Event: 48.170 Thread 0x00000298d280b800 5131       3       jdk.internal.loader.AbstractClassLoaderValue::map (20 bytes)
Event: 48.170 Thread 0x00000298d280b800 nmethod 5131 0x00000298bfbc2090 code [0x00000298bfbc2260, 0x00000298bfbc2528]
Event: 48.170 Thread 0x00000298d280b800 5130       3       com.google.common.net.MediaType$Tokenizer::consumeToken (29 bytes)
Event: 48.171 Thread 0x00000298d280b800 nmethod 5130 0x00000298bfbc2690 code [0x00000298bfbc2860, 0x00000298bfbc2b58]
Event: 48.171 Thread 0x00000298d280b800 5132       3       io.netty.channel.AbstractChannelHandlerContext::invokeWrite (24 bytes)
Event: 48.171 Thread 0x00000298d280b800 nmethod 5132 0x00000298bfbc2c90 code [0x00000298bfbc2e80, 0x00000298bfbc3258]
Event: 48.171 Thread 0x00000298d280b800 5133       3       io.netty.buffer.ByteBufUtil::unsafeWriteUtf8 (433 bytes)
Event: 48.172 Thread 0x00000298d280b800 nmethod 5133 0x00000298bfbc3390 code [0x00000298bfbc3740, 0x00000298bfbc5268]

GC Heap History (12 events):
Event: 0.530 GC heap before
{Heap before GC invocations=0 (full 0):
 garbage-first heap   total 262144K, used 22528K [0x00000000e0000000, 0x0000000100000000)
  region size 1024K, 22 young (22528K), 0 survivors (0K)
 Metaspace       used 10362K, capacity 10533K, committed 10752K, reserved 1058816K
  class space    used 953K, capacity 1022K, committed 1024K, reserved 1048576K
}
Event: 0.554 GC heap after
{Heap after GC invocations=1 (full 0):
 garbage-first heap   total 262144K, used 5375K [0x00000000e0000000, 0x0000000100000000)
  region size 1024K, 3 young (3072K), 3 survivors (3072K)
 Metaspace       used 10362K, capacity 10533K, committed 10752K, reserved 1058816K
  class space    used 953K, capacity 1022K, committed 1024K, reserved 1048576K
}
Event: 1.781 GC heap before
{Heap before GC invocations=1 (full 0):
 garbage-first heap   total 262144K, used 96511K [0x00000000e0000000, 0x0000000100000000)
  region size 1024K, 93 young (95232K), 3 survivors (3072K)
 Metaspace       used 20936K, capacity 21227K, committed 21296K, reserved 1069056K
  class space    used 2065K, capacity 2174K, committed 2176K, reserved 1048576K
}
Event: 1.789 GC heap after
{Heap after GC invocations=2 (full 0):
 garbage-first heap   total 262144K, used 17808K [0x00000000e0000000, 0x0000000100000000)
  region size 1024K, 16 young (16384K), 16 survivors (16384K)
 Metaspace       used 20936K, capacity 21227K, committed 21296K, reserved 1069056K
  class space    used 2065K, capacity 2174K, committed 2176K, reserved 1048576K
}
Event: 2.017 GC heap before
{Heap before GC invocations=3 (full 0):
 garbage-first heap   total 262144K, used 53648K [0x00000000e0000000, 0x0000000100000000)
  region size 1024K, 51 young (52224K), 16 survivors (16384K)
 Metaspace       used 22780K, capacity 23115K, committed 23344K, reserved 1071104K
  class space    used 2237K, capacity 2334K, committed 2432K, reserved 1048576K
}
Event: 2.025 GC heap after
{Heap after GC invocations=4 (full 0):
 garbage-first heap   total 262144K, used 21028K [0x00000000e0000000, 0x0000000100000000)
  region size 1024K, 4 young (4096K), 4 survivors (4096K)
 Metaspace       used 22780K, capacity 23115K, committed 23344K, reserved 1071104K
  class space    used 2237K, capacity 2334K, committed 2432K, reserved 1048576K
}
Event: 2.616 GC heap before
{Heap before GC invocations=4 (full 0):
 garbage-first heap   total 262144K, used 123428K [0x00000000e0000000, 0x0000000100000000)
  region size 1024K, 104 young (106496K), 4 survivors (4096K)
 Metaspace       used 26945K, capacity 27437K, committed 27696K, reserved 1075200K
  class space    used 2757K, capacity 2908K, committed 2944K, reserved 1048576K
}
Event: 2.621 GC heap after
{Heap after GC invocations=5 (full 0):
 garbage-first heap   total 262144K, used 28275K [0x00000000e0000000, 0x0000000100000000)
  region size 1024K, 11 young (11264K), 11 survivors (11264K)
 Metaspace       used 26945K, capacity 27437K, committed 27696K, reserved 1075200K
  class space    used 2757K, capacity 2908K, committed 2944K, reserved 1048576K
}
Event: 3.469 GC heap before
{Heap before GC invocations=5 (full 0):
 garbage-first heap   total 262144K, used 162419K [0x00000000e0000000, 0x0000000100000000)
  region size 1024K, 143 young (146432K), 11 survivors (11264K)
 Metaspace       used 35098K, capacity 35726K, committed 35920K, reserved 1081344K
  class space    used 3723K, capacity 3971K, committed 4000K, reserved 1048576K
}
Event: 3.482 GC heap after
{Heap after GC invocations=6 (full 0):
 garbage-first heap   total 262144K, used 38715K [0x00000000e0000000, 0x0000000100000000)
  region size 1024K, 20 young (20480K), 20 survivors (20480K)
 Metaspace       used 35098K, capacity 35726K, committed 35920K, reserved 1081344K
  class space    used 3723K, capacity 3971K, committed 4000K, reserved 1048576K
}
Event: 6.542 GC heap before
{Heap before GC invocations=7 (full 0):
 garbage-first heap   total 262144K, used 180027K [0x00000000e0000000, 0x0000000100000000)
  region size 1024K, 153 young (156672K), 20 survivors (20480K)
 Metaspace       used 40736K, capacity 41637K, committed 41936K, reserved 1087488K
  class space    used 4491K, capacity 4832K, committed 4896K, reserved 1048576K
}
Event: 6.558 GC heap after
{Heap after GC invocations=8 (full 0):
 garbage-first heap   total 262144K, used 53263K [0x00000000e0000000, 0x0000000100000000)
  region size 1024K, 10 young (10240K), 10 survivors (10240K)
 Metaspace       used 40736K, capacity 41637K, committed 41936K, reserved 1087488K
  class space    used 4491K, capacity 4832K, committed 4896K, reserved 1048576K
}

Deoptimization events (20 events):
Event: 45.426 Thread 0x00000298dd110800 Uncommon trap: trap_request=0xffffffbe fr.pc=0x00000298c6960848 relative=0x0000000000000228
Event: 45.426 Thread 0x00000298dd110800 Uncommon trap: reason=profile_predicate action=maybe_recompile pc=0x00000298c6960848 method=java.util.Formatter.checkText(Ljava/lang/String;II)V @ 4 c2
Event: 45.426 Thread 0x00000298dd110800 DEOPT PACKING pc=0x00000298c6960848 sp=0x000000df863fb870
Event: 45.426 Thread 0x00000298dd110800 DEOPT UNPACKING pc=0x00000298bebda1af sp=0x000000df863fb7e0 mode 2
Event: 45.426 Thread 0x00000298dd110800 Uncommon trap: trap_request=0xffffffbe fr.pc=0x00000298c6960848 relative=0x0000000000000228
Event: 45.426 Thread 0x00000298dd110800 Uncommon trap: reason=profile_predicate action=maybe_recompile pc=0x00000298c6960848 method=java.util.Formatter.checkText(Ljava/lang/String;II)V @ 4 c2
Event: 45.426 Thread 0x00000298dd110800 DEOPT PACKING pc=0x00000298c6960848 sp=0x000000df863fb870
Event: 45.426 Thread 0x00000298dd110800 DEOPT UNPACKING pc=0x00000298bebda1af sp=0x000000df863fb7e0 mode 2
Event: 45.426 Thread 0x00000298dd110800 Uncommon trap: trap_request=0xffffffbe fr.pc=0x00000298c6960848 relative=0x0000000000000228
Event: 45.426 Thread 0x00000298dd110800 Uncommon trap: reason=profile_predicate action=maybe_recompile pc=0x00000298c6960848 method=java.util.Formatter.checkText(Ljava/lang/String;II)V @ 4 c2
Event: 45.426 Thread 0x00000298dd110800 DEOPT PACKING pc=0x00000298c6960848 sp=0x000000df863fb850
Event: 45.426 Thread 0x00000298dd110800 DEOPT UNPACKING pc=0x00000298bebda1af sp=0x000000df863fb7c0 mode 2
Event: 45.503 Thread 0x00000298dd110800 Uncommon trap: trap_request=0xffffff4d fr.pc=0x00000298c6955428 relative=0x00000000000002c8
Event: 45.503 Thread 0x00000298dd110800 Uncommon trap: reason=unstable_if action=reinterpret pc=0x00000298c6955428 method=java.util.regex.Matcher.search(I)Z @ 30 c2
Event: 45.503 Thread 0x00000298dd110800 DEOPT PACKING pc=0x00000298c6955428 sp=0x000000df863fc230
Event: 45.503 Thread 0x00000298dd110800 DEOPT UNPACKING pc=0x00000298bebda1af sp=0x000000df863fc1d0 mode 2
Event: 45.970 Thread 0x00000298dca04000 Uncommon trap: trap_request=0xffffff64 fr.pc=0x00000298c696a158 relative=0x0000000000000038
Event: 45.970 Thread 0x00000298dca04000 Uncommon trap: reason=speculate_null_check action=make_not_entrant pc=0x00000298c696a158 method=sun.misc.Unsafe.putByte(Ljava/lang/Object;JB)V @ 7 c2
Event: 45.970 Thread 0x00000298dca04000 DEOPT PACKING pc=0x00000298c696a158 sp=0x000000df87afe2e0
Event: 45.970 Thread 0x00000298dca04000 DEOPT UNPACKING pc=0x00000298bebda1af sp=0x000000df87afe168 mode 2

Classes redefined (0 events):
No events

Internal exceptions (20 events):
Event: 37.546 Thread 0x00000298dc052000 Exception <a 'java/lang/NoSuchMethodError'{0x00000000ee710b70}: <clinit>> (0x00000000ee710b70) thrown at [s\src\hotspot\share\prims\jni.cpp, line 1372]
Event: 37.547 Thread 0x00000298dc052000 Exception <a 'java/lang/NoSuchMethodError'{0x00000000ee712bd8}: <clinit>> (0x00000000ee712bd8) thrown at [s\src\hotspot\share\prims\jni.cpp, line 1372]
Event: 37.548 Thread 0x00000298dc052000 Exception <a 'java/lang/NoSuchMethodError'{0x00000000ee7a0e48}: <clinit>> (0x00000000ee7a0e48) thrown at [s\src\hotspot\share\prims\jni.cpp, line 1372]
Event: 37.558 Thread 0x00000298dc052000 Exception <a 'java/lang/NoSuchMethodError'{0x00000000ee604608}: <clinit>> (0x00000000ee604608) thrown at [s\src\hotspot\share\prims\jni.cpp, line 1372]
Event: 37.562 Thread 0x00000298dc052000 Exception <a 'java/lang/NoSuchMethodError'{0x00000000ee506310}: <clinit>> (0x00000000ee506310) thrown at [s\src\hotspot\share\prims\jni.cpp, line 1372]
Event: 37.610 Thread 0x00000298dc127800 Exception <a 'java/net/ConnectException'{0x00000000efa2bf30}: Connection refused: connect> (0x00000000efa2bf30) thrown at [s\src\hotspot\share\prims\jni.cpp, line 638]
Event: 40.022 Thread 0x00000298dca0e000 Exception <a 'java/io/IOException'{0x00000000ee20e048}> (0x00000000ee20e048) thrown at [s\src\hotspot\share\prims\jni.cpp, line 617]
Event: 40.028 Thread 0x00000298dca0a800 Exception <a 'java/io/IOException'{0x00000000ee3aa7f8}> (0x00000000ee3aa7f8) thrown at [s\src\hotspot\share\prims\jni.cpp, line 617]
Event: 44.125 Thread 0x00000298dd110800 Exception <a 'java/lang/NoSuchMethodError'{0x00000000edfe7818}: 'java.lang.Object java.lang.invoke.DirectMethodHandle$Holder.invokeSpecial(java.lang.Object, java.lang.Object, java.lang.Object, int, int, java.lang.Object)'> (0x00000000edfe7818) thrown at [s\src\hotspot\share\interpreter\linkResolver.cpp, line 773]
Event: 44.127 Thread 0x00000298dd110800 Exception <a 'java/lang/NoSuchMethodError'{0x00000000edfef068}: 'java.lang.Object java.lang.invoke.DirectMethodHandle$Holder.invokeStatic(java.lang.Object, java.lang.Object, java.lang.Object, int, int)'> (0x00000000edfef068) thrown at [s\src\hotspot\share\interpreter\linkResolver.cpp, line 773]
Event: 44.128 Thread 0x00000298dd110800 Exception <a 'java/lang/NoSuchMethodError'{0x00000000edff2ba0}: 'java.lang.Object java.lang.invoke.DirectMethodHandle$Holder.invokeSpecial(java.lang.Object, java.lang.Object, java.lang.Object, java.lang.Object, int, int)'> (0x00000000edff2ba0) thrown at [s\src\hotspot\share\interpreter\linkResolver.cpp, line 773]
Event: 44.129 Thread 0x00000298dd110800 Exception <a 'java/lang/NoSuchMethodError'{0x00000000edff5f50}: 'java.lang.Object java.lang.invoke.Invokers$Holder.linkToTargetMethod(java.lang.Object, java.lang.Object, int, int, java.lang.Object)'> (0x00000000edff5f50) thrown at [s\src\hotspot\share\interpreter\linkResolver.cpp, line 773]
Event: 44.139 Thread 0x00000298dd110800 Exception <a 'java/lang/reflect/InvocationTargetException'{0x00000000ede4a8a0}> (0x00000000ede4a8a0) thrown at [s\src\hotspot\share\runtime\reflection.cpp, line 1245]
Event: 44.171 Thread 0x00000298dc127800 Exception <a 'java/net/ConnectException'{0x00000000edeeba30}: Connection refused: connect> (0x00000000edeeba30) thrown at [s\src\hotspot\share\prims\jni.cpp, line 638]
Event: 44.194 Thread 0x00000298dd110800 Exception <a 'sun/nio/fs/WindowsException'{0x00000000eddaa4b0}> (0x00000000eddaa4b0) thrown at [s\src\hotspot\share\prims\jni.cpp, line 617]
Event: 44.202 Thread 0x00000298dc052000 Exception <a 'java/lang/NoSuchMethodError'{0x00000000edc85630}: <clinit>> (0x00000000edc85630) thrown at [s\src\hotspot\share\prims\jni.cpp, line 1372]
Event: 44.202 Thread 0x00000298dc052000 Exception <a 'java/lang/NoSuchMethodError'{0x00000000edc88d10}: <clinit>> (0x00000000edc88d10) thrown at [s\src\hotspot\share\prims\jni.cpp, line 1372]
Event: 46.147 Thread 0x00000298dca09000 Exception <a 'java/io/IOException'{0x00000000ed8aa870}> (0x00000000ed8aa870) thrown at [s\src\hotspot\share\prims\jni.cpp, line 617]
Event: 46.286 Thread 0x00000298dc127800 Exception <a 'java/net/ConnectException'{0x00000000eca68370}: Connection refused: connect> (0x00000000eca68370) thrown at [s\src\hotspot\share\prims\jni.cpp, line 638]
Event: 46.318 Thread 0x00000298dd110800 Exception <a 'sun/nio/fs/WindowsException'{0x00000000ecbe80a8}> (0x00000000ecbe80a8) thrown at [s\src\hotspot\share\prims\jni.cpp, line 617]

Events (20 events):
Event: 48.121 Executing VM operation: RevokeBias
Event: 48.122 Executing VM operation: RevokeBias done
Event: 48.122 Executing VM operation: RevokeBias
Event: 48.122 Executing VM operation: RevokeBias done
Event: 48.122 Executing VM operation: RevokeBias
Event: 48.122 Executing VM operation: RevokeBias done
Event: 48.124 Executing VM operation: RevokeBias
Event: 48.124 Executing VM operation: RevokeBias done
Event: 48.124 Executing VM operation: RevokeBias
Event: 48.125 Executing VM operation: RevokeBias done
Event: 48.125 Executing VM operation: RevokeBias
Event: 48.125 Executing VM operation: RevokeBias done
Event: 48.125 Executing VM operation: RevokeBias
Event: 48.125 Executing VM operation: RevokeBias done
Event: 48.125 Executing VM operation: RevokeBias
Event: 48.125 Executing VM operation: RevokeBias done
Event: 48.126 Executing VM operation: RevokeBias
Event: 48.126 Executing VM operation: RevokeBias done
Event: 48.132 Executing VM operation: RevokeBias
Event: 48.132 Executing VM operation: RevokeBias done


Dynamic libraries:
0x00007ff78e170000 - 0x00007ff78e17e000 	C:\Users\Михаил\.jdks\corretto-11.0.24\bin\java.exe
0x00007ffd36330000 - 0x00007ffd36528000 	C:\Windows\SYSTEM32\ntdll.dll
0x00007ffd35c30000 - 0x00007ffd35cf1000 	C:\Windows\System32\KERNEL32.DLL
0x00007ffd33e00000 - 0x00007ffd340fd000 	C:\Windows\System32\KERNELBASE.dll
0x00007ffd34260000 - 0x00007ffd34360000 	C:\Windows\System32\ucrtbase.dll
0x00007ffd15000000 - 0x00007ffd1501b000 	C:\Users\Михаил\.jdks\corretto-11.0.24\bin\VCRUNTIME140.dll
0x00007ffd19de0000 - 0x00007ffd19df7000 	C:\Users\Михаил\.jdks\corretto-11.0.24\bin\jli.dll
0x00007ffd351f0000 - 0x00007ffd3538d000 	C:\Windows\System32\USER32.dll
0x00007ffd34230000 - 0x00007ffd34252000 	C:\Windows\System32\win32u.dll
0x00007ffd1b330000 - 0x00007ffd1b5ca000 	C:\Windows\WinSxS\amd64_microsoft.windows.common-controls_6595b64144ccf1df_6.0.19041.4355_none_60b8b9eb71f62e16\COMCTL32.dll
0x00007ffd36220000 - 0x00007ffd3624b000 	C:\Windows\System32\GDI32.dll
0x00007ffd36250000 - 0x00007ffd362ee000 	C:\Windows\System32\msvcrt.dll
0x00007ffd339e0000 - 0x00007ffd33af7000 	C:\Windows\System32\gdi32full.dll
0x00007ffd33d60000 - 0x00007ffd33dfd000 	C:\Windows\System32\msvcp_win.dll
0x00007ffd35080000 - 0x00007ffd350af000 	C:\Windows\System32\IMM32.DLL
0x0000000051d50000 - 0x0000000051d5c000 	C:\Program Files (x86)\360\Total Security\safemon\SafeWrapper.dll
0x00007ffd34360000 - 0x00007ffd34410000 	C:\Windows\System32\ADVAPI32.dll
0x00007ffd355b0000 - 0x00007ffd35650000 	C:\Windows\System32\sechost.dll
0x00007ffd34f50000 - 0x00007ffd35073000 	C:\Windows\System32\RPCRT4.dll
0x00007ffd34200000 - 0x00007ffd34227000 	C:\Windows\System32\bcrypt.dll
0x00007ffd068b0000 - 0x00007ffd0695c000 	C:\Program Files (x86)\360\Total Security\safemon\libzdtp64.dll
0x00007ffd347e0000 - 0x00007ffd34f4f000 	C:\Windows\System32\SHELL32.dll
0x00007ffd34530000 - 0x00007ffd34585000 	C:\Windows\System32\SHLWAPI.dll
0x00007ffd33530000 - 0x00007ffd3353a000 	C:\Windows\SYSTEM32\VERSION.dll
0x00007ffd30f80000 - 0x00007ffd30f8c000 	C:\Users\Михаил\.jdks\corretto-11.0.24\bin\vcruntime140_1.dll
0x00007ffcd6310000 - 0x00007ffcd639d000 	C:\Users\Михаил\.jdks\corretto-11.0.24\bin\msvcp140.dll
0x00007ffc8b8d0000 - 0x00007ffc8c495000 	C:\Users\Михаил\.jdks\corretto-11.0.24\bin\server\jvm.dll
0x00007ffd35c20000 - 0x00007ffd35c28000 	C:\Windows\System32\PSAPI.DLL
0x00007ffd227b0000 - 0x00007ffd227d7000 	C:\Windows\SYSTEM32\WINMM.dll
0x00007ffd12680000 - 0x00007ffd12689000 	C:\Windows\SYSTEM32\WSOCK32.dll
0x00007ffd35390000 - 0x00007ffd353fb000 	C:\Windows\System32\WS2_32.dll
0x00007ffd317d0000 - 0x00007ffd317e2000 	C:\Windows\SYSTEM32\kernel.appcore.dll
0x00007ffd16250000 - 0x00007ffd16260000 	C:\Users\Михаил\.jdks\corretto-11.0.24\bin\verify.dll
0x00007ffd21e70000 - 0x00007ffd22054000 	C:\Windows\SYSTEM32\DBGHELP.DLL
0x00007ffd14c20000 - 0x00007ffd14c54000 	C:\Windows\SYSTEM32\dbgcore.DLL
0x00007ffd34100000 - 0x00007ffd34182000 	C:\Windows\System32\bcryptPrimitives.dll
0x00007ffd0dfa0000 - 0x00007ffd0dfc8000 	C:\Users\Михаил\.jdks\corretto-11.0.24\bin\java.dll
0x00007ffd16210000 - 0x00007ffd1621a000 	C:\Users\Михаил\.jdks\corretto-11.0.24\bin\jimage.dll
0x00007ffd2cb30000 - 0x00007ffd2cb3e000 	C:\Users\Михаил\.jdks\corretto-11.0.24\bin\instrument.dll
0x00007ffd13b00000 - 0x00007ffd13b18000 	C:\Users\Михаил\.jdks\corretto-11.0.24\bin\zip.dll
0x00007ffd319d0000 - 0x00007ffd3216f000 	C:\Windows\SYSTEM32\windows.storage.dll
0x00007ffd35d60000 - 0x00007ffd360b3000 	C:\Windows\System32\combase.dll
0x00007ffd332b0000 - 0x00007ffd332de000 	C:\Windows\SYSTEM32\Wldp.dll
0x00007ffd35650000 - 0x00007ffd3571d000 	C:\Windows\System32\OLEAUT32.dll
0x00007ffd345f0000 - 0x00007ffd3469d000 	C:\Windows\System32\SHCORE.dll
0x00007ffd33910000 - 0x00007ffd33934000 	C:\Windows\SYSTEM32\profapi.dll
0x00007ffd134a0000 - 0x00007ffd134b9000 	C:\Users\Михаил\.jdks\corretto-11.0.24\bin\net.dll
0x00007ffd2d500000 - 0x00007ffd2d60d000 	C:\Windows\SYSTEM32\WINHTTP.dll
0x00007ffd33090000 - 0x00007ffd330fa000 	C:\Windows\system32\mswsock.dll
0x00007ffd12660000 - 0x00007ffd12672000 	C:\Users\Михаил\.jdks\corretto-11.0.24\bin\nio.dll
0x00007ffd332f0000 - 0x00007ffd33308000 	C:\Windows\SYSTEM32\CRYPTSP.dll
0x00007ffd32960000 - 0x00007ffd32994000 	C:\Windows\system32\rsaenh.dll
0x00007ffd33880000 - 0x00007ffd338ae000 	C:\Windows\SYSTEM32\USERENV.dll
0x00007ffd33220000 - 0x00007ffd3322c000 	C:\Windows\SYSTEM32\CRYPTBASE.dll
0x00007ffd32d40000 - 0x00007ffd32d7b000 	C:\Windows\SYSTEM32\IPHLPAPI.DLL
0x00007ffd36210000 - 0x00007ffd36218000 	C:\Windows\System32\NSI.dll
0x00007ffd2cfe0000 - 0x00007ffd2cff7000 	C:\Windows\SYSTEM32\dhcpcsvc6.DLL
0x00007ffd2cfc0000 - 0x00007ffd2cfdd000 	C:\Windows\SYSTEM32\dhcpcsvc.DLL
0x00007ffd32d80000 - 0x00007ffd32e4a000 	C:\Windows\SYSTEM32\DNSAPI.dll
0x00007ffd0f970000 - 0x00007ffd0f987000 	C:\Windows\system32\napinsp.dll
0x00007ffd0f950000 - 0x00007ffd0f96b000 	C:\Windows\system32\pnrpnsp.dll
0x00007ffd2e2d0000 - 0x00007ffd2e2e5000 	C:\Windows\system32\wshbth.dll
0x00007ffd30140000 - 0x00007ffd3015d000 	C:\Windows\system32\NLAapi.dll
0x00007ffd0f930000 - 0x00007ffd0f942000 	C:\Windows\System32\winrnr.dll
0x00007ffd2a720000 - 0x00007ffd2a72a000 	C:\Windows\System32\rasadhlp.dll
0x00007ffd2a670000 - 0x00007ffd2a6f0000 	C:\Windows\System32\fwpuclnt.dll
0x00007ffd13350000 - 0x00007ffd13359000 	C:\Users\Михаил\.jdks\corretto-11.0.24\bin\management.dll
0x00007ffd126b0000 - 0x00007ffd126bb000 	C:\Users\Михаил\.jdks\corretto-11.0.24\bin\management_ext.dll
0x00007ffd2dce0000 - 0x00007ffd2dcee000 	C:\Users\Михаил\.jdks\corretto-11.0.24\bin\sunmscapi.dll
0x00007ffd33bb0000 - 0x00007ffd33d0e000 	C:\Windows\System32\CRYPT32.dll
0x00007ffd333a0000 - 0x00007ffd333c9000 	C:\Windows\SYSTEM32\ncrypt.dll
0x00007ffd33340000 - 0x00007ffd3337b000 	C:\Windows\SYSTEM32\NTASN1.dll
0x00007ffd2bf70000 - 0x00007ffd2bf97000 	C:\Users\Михаил\.jdks\corretto-11.0.24\bin\sunec.dll

dbghelp: loaded successfully - version: 4.0.5 - missing functions: none
symbol engine: initialized successfully - sym options: 0x614 - pdb path: .;C:\Users\Михаил\.jdks\corretto-11.0.24\bin;C:\Windows\SYSTEM32;C:\Windows\WinSxS\amd64_microsoft.windows.common-controls_6595b64144ccf1df_6.0.19041.4355_none_60b8b9eb71f62e16;C:\Program Files (x86)\360\Total Security\safemon;C:\Users\Михаил\.jdks\corretto-11.0.24\bin\server

VM Arguments:
jvm_args: -Dallure.results.directory=D:\Work_autotesting\Diplom\UI-test\build\allure-results -Djunit.jupiter.extensions.autodetection.enabled=true -Dorg.gradle.native=false -javaagent:C:\Users\Михаил\.gradle\caches\modules-2\files-2.1\org.aspectj\aspectjweaver\1.9.5\1740dc9140103b796d1722668805fd4cf852780c\aspectjweaver-1.9.5.jar -Xmx512m -Dfile.encoding=windows-1251 -Duser.country=RU -Duser.language=ru -Duser.variant -ea 
java_command: worker.org.gradle.process.internal.worker.GradleWorkerMain 'Gradle Test Executor 20'
java_class_path (initial): C:\\Users\\Михаил\\.gradle\\caches\\6.8\\workerMain\\gradle-worker.jar;D:\\Work_autotesting\\Diplom\\UI-test\\build\\classes\\java\\test;D:\\Work_autotesting\\Diplom\\UI-test\\build\\resources\\test;D:\\Work_autotesting\\Diplom\\UI-test\\build\\classes\\java\\main;D:\\Work_autotesting\\Diplom\\UI-test\\build\\resources\\main;C:\\Users\\Михаил\\.gradle\\caches\\modules-2\\files-2.1\\io.rest-assured\\rest-assured\\4.5.1\\3446a6defef9a9db0b16997d289e7bc9808018d8\\rest-assured-4.5.1.jar;C:\\Users\\Михаил\\.gradle\\caches\\modules-2\\files-2.1\\com.codeborne\\selenide\\6.12.2\\e861590e2754d57502d8ac17aa8a5c91c64aa5c1\\selenide-6.12.2.jar;C:\\Users\\Михаил\\.gradle\\caches\\modules-2\\files-2.1\\com.codeborne\\selenide-core\\6.12.2\\12f384b62c898a6ef9aeaec95b0138758bf18b28\\selenide-core-6.12.2.jar;C:\\Users\\Михаил\\.gradle\\caches\\modules-2\\files-2.1\\io.qameta.allure\\allure-junit4-aspect\\2.13.9\\47ac567c1d1035afb97488b226b35e0bfa56a6f5\\allure-junit4-aspect-2.13.9.jar;C:\\Users\\Михаил\\.gradle\\caches\\modules-2\\files-2.1\\io.qameta.allure\\allure-java-commons\\2.13.9\\32dcaae7b94921a2929a26a6e5ee5db9fcbe5198\\allure-java-commons-2.13.9.jar;C:\\Users\\Михаил\\.gradle\\caches\\modules-2\\files-2.1\\io.qameta.allure\\allure-model\\2.13.9\\96ebaaa060237d2100619ff636d1757e8e2c8a13\\allure-model-2.13.9.jar;C:\\Users\\Михаил\\.gradle\\caches\\modules-2\\files-2.1\\com.fasterxml.jackson.core\\jackson-databind\\2.12.2\\5f9d79e09ebf5d54a46e9f4543924cf7ae7654e0\\jackson-databind-2.12.2.jar;C:\\Users\\Михаил\\.gradle\\caches\\modules-2\\files-2.1\\com.fasterxml.jackson.core\\jackson-annotations\\2.12.2\\a770cc4c0a1fb0bfd8a150a6a0004e42bc99fca\\jackson-annotations-2.12.2.jar;C:\\Users\\Михаил\\.gradle\\caches\\modules-2\\files-2.1\\com.fasterxml.jackson.core\\jackson-core\\2.12.2\\8df50138521d05561a308ec2799cc8dda20c06df\\jackson-core-2.12.2.jar;C:\\Users\\Михаил\\.gradle\\caches\\modules-2\\files-2.1\\junit\\junit\\4.13.2\\8ac9e16d933b6fb43bc7f5
Launcher Type: SUN_STANDARD

[Global flags]
     intx CICompilerCount                          = 3                                         {product} {ergonomic}
     uint ConcGCThreads                            = 2                                         {product} {ergonomic}
     uint G1ConcRefinementThreads                  = 6                                         {product} {ergonomic}
   size_t G1HeapRegionSize                         = 1048576                                   {product} {ergonomic}
    uintx GCDrainStackTargetSize                   = 64                                        {product} {ergonomic}
   size_t InitialHeapSize                          = 268435456                                 {product} {ergonomic}
   size_t MarkStackSize                            = 4194304                                   {product} {ergonomic}
   size_t MaxHeapSize                              = 536870912                                 {product} {command line}
   size_t MaxNewSize                               = 321912832                                 {product} {ergonomic}
   size_t MinHeapDeltaBytes                        = 1048576                                   {product} {ergonomic}
    uintx NonNMethodCodeHeapSize                   = 5830732                                {pd product} {ergonomic}
    uintx NonProfiledCodeHeapSize                  = 122913754                              {pd product} {ergonomic}
    uintx ProfiledCodeHeapSize                     = 122913754                              {pd product} {ergonomic}
    uintx ReservedCodeCacheSize                    = 251658240                              {pd product} {ergonomic}
     bool SegmentedCodeCache                       = true                                      {product} {ergonomic}
     bool UseCompressedClassPointers               = true                                 {lp64_product} {ergonomic}
     bool UseCompressedOops                        = true                                 {lp64_product} {ergonomic}
     bool UseG1GC                                  = true                                      {product} {ergonomic}
     bool UseLargePagesIndividualAllocation        = false                                  {pd product} {ergonomic}

Logging:
Log output configuration:
 #0: stdout all=warning uptime,level,tags
 #1: stderr all=off uptime,level,tags

Environment Variables:
JAVA_HOME=C:\Program Files\Java\jdk-11
PATH=C:\Program Files\Common Files\Oracle\Java\javapath;C:\Windows\system32;C:\Windows;C:\Windows\System32\Wbem;C:\Windows\System32\WindowsPowerShell\v1.0\;C:\Windows\System32\OpenSSH\;C:\Program Files\Maven\apache-maven-3.9.6\bin;D:\Git\cmd;D:\Git\mingw64\bin;D:\Git\usr\bin;D:\Work_autotesting\WebDriver\bin;D:\allure-2.15.0\bin;;C:\Program Files\NVIDIA Corporation\NVIDIA app\NvDLISR;C:\Program Files (x86)\NVIDIA Corporation\PhysX\Common;C:\Program Files\Docker\Docker\resources\bin;C:\Program Files (x86)\Common Files\Acronis\SnapAPI\;C:\Users\Михаил\AppData\Local\Programs\Python\Python312\Scripts\;C:\Users\Михаил\AppData\Local\Programs\Python\Python312\;C:\Users\Михаил\AppData\Local\Microsoft\WindowsApps;D:\VS\Microsoft VS Code\bin
USERNAME=Михаил
OS=Windows_NT
PROCESSOR_IDENTIFIER=Intel64 Family 6 Model 158 Stepping 10, GenuineIntel
TMP=C:\Users\8FEE~1\AppData\Local\Temp
TEMP=C:\Users\8FEE~1\AppData\Local\Temp



---------------  S Y S T E M  ---------------

OS: Windows 10 , 64 bit Build 19041 (10.0.19041.4717)
OS uptime: 2 days 21:21 hours
Hyper-V role detected

CPU:total 6 (initial active 6) (6 cores per cpu, 1 threads per core) family 6 model 158 stepping 10 microcode 0xb4, cmov, cx8, fxsr, mmx, sse, sse2, sse3, ssse3, sse4.1, sse4.2, popcnt, avx, avx2, aes, clmul, erms, 3dnowpref, lzcnt, tsc, tscinvbit, bmi1, bmi2, adx, fma

Memory: 4k page, system-wide physical 16323M (1104M free)
TotalPageFile size 32815M (AvailPageFile size 6M)
current process WorkingSet (physical memory assigned to process): 402M, peak: 402M
current process commit charge ("private bytes"): 469M, peak: 471M

vm_info: OpenJDK 64-Bit Server VM (11.0.24+8-LTS) for windows-amd64 JRE (11.0.24+8-LTS), built on Jul  9 2024 22:03:43 by "Administrator" with MS VC++ 16.10 / 16.11 (VS2019)

END.
